Start auto log messages stack - Iteration 1.	[MsgId: MMSG-10545]
Action.c(67): web_remove/revert_auto_header("Origin") highest severity level was "warning"  	[MsgId: MMSG-26391]
Action.c(70): web_add_auto_header("Authorization") started  	[MsgId: MMSG-26355]
Action.c(70): Warning -26593: The header being added may cause unpredictable results when applied to all ensuing URLs. It is added anyway  	[MsgId: MWAR-26593]
Action.c(70): web_add_auto_header("Authorization") highest severity level was "warning"  	[MsgId: MMSG-26391]
Action.c(72): web_add_cookie started  	[MsgId: MMSG-26355]
Action.c(72): web_add_cookie was successful  	[MsgId: MMSG-26392]
Action.c(75): web_url("modelSchema") started  	[MsgId: MMSG-26355]
Action.c(75): Continuing after Error -27721: Step download timeout (120 seconds) has expired when downloading resource "https://dev-boomq.pflb.ru/project-srv/modelSchema"  	[MsgId: MERR-27721]
End auto log messages stack.	[MsgId: MMSG-10544]


Start auto log messages stack - Iteration 1.	[MsgId: MMSG-10545]
Action.c(144): web_add_cookie was successful  	[MsgId: MMSG-26392]
Action.c(146): web_url("testRunner") started  	[MsgId: MMSG-26355]
Action.c(146): web_url("testRunner") was successful, 532 body bytes, 378 header bytes, 12 chunking overhead bytes  	[MsgId: MMSG-26385]
Action.c(156): lr_think_time: 1,00 seconds.	[MsgId: MMSG-15948]
Action.c(157): Notify: Transaction "UC04_TR01_login" ended with a "Fail" status (Duration: 121,8172 Think Time: 1,0043 Wasted Time: 0,0006).	[MsgId: MMSG-16870]
Action.c(157): Notify: Transaction "UC04_TR01_login" has 1 error message(s).	[MsgId: MMSG-16818]
Action.c(157): Notify: The 1st error message associated with transaction "UC04_TR01_login" is "Error -27721: Step download timeout (120 seconds) has expired when downloading resource "https://dev-boomq.pflb.ru/project-srv/modelSchema""	[MsgId: MMSG-16819]
Action.c(166): Notify: Transaction "UC04_TR02_trend_page" started.	[MsgId: MMSG-16999]
Action.c(169): web_url("slaReportProfile") started  	[MsgId: MMSG-26355]
Action.c(169): Continuing after Error -26612: HTTP Status-Code=500 (Internal Server Error) for "https://dev-boomq.pflb.ru/test-srv/slaReportProfile"  	[MsgId: MERR-26612]
End auto log messages stack.	[MsgId: MMSG-10544]


Start auto log messages stack - Iteration 1.	[MsgId: MMSG-10545]
Action.c(169): web_url("slaReportProfile") highest severity level was "continue on error", 82 body bytes, 424 header bytes, 11 chunking overhead bytes  	[MsgId: MMSG-26387]
Action.c(169): Continuing after error in Vuser script.	[MsgId: MMSG-10678]
Action.c(179): lr_think_time: 1,00 seconds.	[MsgId: MMSG-15948]
Action.c(180): Notify: Transaction "UC04_TR02_trend_page" ended with a "Fail" status (Duration: 1,0791 Think Time: 1,0054).	[MsgId: MMSG-16872]
Action.c(180): Notify: Transaction "UC04_TR02_trend_page" has 1 error message(s).	[MsgId: MMSG-16818]
Action.c(180): Notify: The 1st error message associated with transaction "UC04_TR02_trend_page" is "Error -26612: HTTP Status-Code=500 (Internal Server Error) for "https://dev-boomq.pflb.ru/test-srv/slaReportProfile""	[MsgId: MMSG-16819]
Action.c(189): Notify: Transaction "UC04_TR03_click_new_report" started.	[MsgId: MMSG-16999]
Action.c(192): web_url("project") started  	[MsgId: MMSG-26355]
Action.c(192): Continuing after Error -27721: Step download timeout (120 seconds) has expired when downloading resource "https://dev-boomq.pflb.ru/project-srv/project?sort=lastModified,desc&size=999"  	[MsgId: MERR-27721]
End auto log messages stack.	[MsgId: MMSG-10544]


Start auto log messages stack - Iteration 1.	[MsgId: MMSG-10545]
Action.c(192): Aborting pending download of URL="https://dev-boomq.pflb.ru/project-srv/project?sort=lastModified,desc&size=999" (RelFrameId=1, Internal ID=9)  	[MsgId: MMSG-27649]
Action.c(192): web_url("project") highest severity level was "continue on error", 0 body bytes, 0 header bytes  	[MsgId: MMSG-26388]
Action.c(192): Continuing after error in Vuser script.	[MsgId: MMSG-10678]
Action.c(202): lr_think_time: 1,00 seconds.	[MsgId: MMSG-15948]
Action.c(203): Notify: Transaction "UC04_TR03_click_new_report" ended with a "Fail" status (Duration: 121,0123 Think Time: 1,0030).	[MsgId: MMSG-16872]
Action.c(203): Notify: Transaction "UC04_TR03_click_new_report" has 1 error message(s).	[MsgId: MMSG-16818]
Action.c(203): Notify: The 1st error message associated with transaction "UC04_TR03_click_new_report" is "Error -27721: Step download timeout (120 seconds) has expired when downloading resource "https://dev-boomq.pflb.ru/project-srv/project?sort=lastModified,desc&size=999""	[MsgId: MMSG-16819]
Action.c(212): Notify: Transaction "UC04_TR04_fill_data" started.	[MsgId: MMSG-16999]
Action.c(215): web_url("test") started  	[MsgId: MMSG-26355]
Action.c(215): Continuing after Error -26612: HTTP Status-Code=500 (Internal Server Error) for "https://dev-boomq.pflb.ru/test-srv/test?sort=createDate,desc&size=999999&projectId=15070&state=FINISHED,FAILED,CANCELED"  	[MsgId: MERR-26612]
End auto log messages stack.	[MsgId: MMSG-10544]


Start auto log messages stack - Iteration 1.	[MsgId: MMSG-10545]
Action.c(304): web_custom_request("previewReport_5") started  	[MsgId: MMSG-26355]
Action.c(304): web_custom_request("previewReport_5") was successful, 2230 body bytes, 467 header bytes, 12 chunking overhead bytes  	[MsgId: MMSG-26385]
Action.c(317): lr_think_time: 1,00 seconds.	[MsgId: MMSG-15948]
Action.c(318): Notify: Transaction "UC04_TR05_fill_data_graph_table" ended with a "Pass" status (Duration: 2,1378 Think Time: 2,0160).	[MsgId: MMSG-16872]
Action.c(327): Notify: Transaction "UC04_TR06_change_name" started.	[MsgId: MMSG-16999]
Action.c(330): Notify: Transaction "UC04_TR06_change_name" ended with a "Pass" status (Duration: 0,0000).	[MsgId: MMSG-16873]
Action.c(339): Notify: Transaction "UC04_TR07_save_trend" started.	[MsgId: MMSG-16999]
Action.c(344): web_reg_save_param_json started  	[MsgId: MMSG-26355]
Action.c(344): Registering web_reg_save_param_json was successful  	[MsgId: MMSG-26390]
Action.c(351): web_custom_request("slaReportProfile_2") started  	[MsgId: MMSG-26355]
Action.c(351): Continuing after Error -26612: HTTP Status-Code=500 (Internal Server Error) for "https://dev-boomq.pflb.ru/test-srv/slaReportProfile"  	[MsgId: MERR-26612]
Action.c(351): Continuing after Error -35060: No matches were found for the specified query: "$..id"  	[MsgId: MERR-35060]
End auto log messages stack.	[MsgId: MMSG-10544]


Start auto log messages stack - Iteration 1.	[MsgId: MMSG-10545]
Action.c(351): web_custom_request("slaReportProfile_2") highest severity level was "continue on error", 82 body bytes, 424 header bytes, 11 chunking overhead bytes  	[MsgId: MMSG-26387]
Action.c(351): Continuing after error in Vuser script.	[MsgId: MMSG-10678]
Action.c(364): Error (-17994): Invalid arguments for lr_save_string function	[MsgId: MERR-17994]
End auto log messages stack.	[MsgId: MMSG-10544]


Start auto log messages stack - Iteration 1.	[MsgId: MMSG-10545]
Action.c(366): lr_think_time: 1,00 seconds.	[MsgId: MMSG-15948]
Action.c(367): Notify: Transaction "UC04_TR07_save_trend" ended with a "Fail" status (Duration: 1,0406 Think Time: 1,0102 Wasted Time: 0,0002).	[MsgId: MMSG-16870]
Action.c(367): Notify: Transaction "UC04_TR07_save_trend" has 1 error message(s).	[MsgId: MMSG-16818]
Action.c(367): Notify: The 1st error message associated with transaction "UC04_TR07_save_trend" is "Error -26612: HTTP Status-Code=500 (Internal Server Error) for "https://dev-boomq.pflb.ru/test-srv/slaReportProfile""	[MsgId: MMSG-16819]
Action.c(376): Notify: Transaction "UC04_TR08_back_to_trends_page" started.	[MsgId: MMSG-16999]
Action.c(379): web_remove_auto_header("Origin") started  	[MsgId: MMSG-26355]
Action.c(379): Previous automatically added web header for "Origin" removed  	[MsgId: MMSG-26587]
Action.c(379): web_remove/revert_auto_header("Origin") was successful  	[MsgId: MMSG-26392]
Action.c(383): web_url("slaReportProfile_3") started  	[MsgId: MMSG-26355]
Action.c(383): Continuing after Error -26612: HTTP Status-Code=500 (Internal Server Error) for "https://dev-boomq.pflb.ru/test-srv/slaReportProfile"  	[MsgId: MERR-26612]
End auto log messages stack.	[MsgId: MMSG-10544]


Start auto log messages stack - Iteration 1.	[MsgId: MMSG-10545]
Action.c(383): web_url("slaReportProfile_3") highest severity level was "continue on error", 82 body bytes, 424 header bytes, 11 chunking overhead bytes  	[MsgId: MMSG-26387]
Action.c(383): Continuing after error in Vuser script.	[MsgId: MMSG-10678]
Action.c(393): lr_think_time: 1,00 seconds.	[MsgId: MMSG-15948]
Action.c(394): Notify: Transaction "UC04_TR08_back_to_trends_page" ended with a "Fail" status (Duration: 1,1572 Think Time: 1,0147).	[MsgId: MMSG-16872]
Action.c(394): Notify: Transaction "UC04_TR08_back_to_trends_page" has 1 error message(s).	[MsgId: MMSG-16818]
Action.c(394): Notify: The 1st error message associated with transaction "UC04_TR08_back_to_trends_page" is "Error -26612: HTTP Status-Code=500 (Internal Server Error) for "https://dev-boomq.pflb.ru/test-srv/slaReportProfile""	[MsgId: MMSG-16819]
Action.c(404): Notify: Transaction "UC04_TR09_pick_created_trend" started.	[MsgId: MMSG-16999]
Action.c(407): web_url("2884") started  	[MsgId: MMSG-26355]
Action.c(407): Continuing after Error -26631: HTTP Status-Code=400 (Bad Request) for "https://dev-boomq.pflb.ru/test-srv/slaReportProfile/{trend_id}"  	[MsgId: MERR-26631]
End auto log messages stack.	[MsgId: MMSG-10544]


Start auto log messages stack - Iteration 1.	[MsgId: MMSG-10545]
Action.c(407): web_url("2884") highest severity level was "continue on error", 435 body bytes, 175 header bytes  	[MsgId: MMSG-26388]
Action.c(407): Continuing after error in Vuser script.	[MsgId: MMSG-10678]
Action.c(416): web_add_auto_header("Origin") started  	[MsgId: MMSG-26355]
Action.c(416): web_add_auto_header("Origin") was successful  	[MsgId: MMSG-26392]
Action.c(419): web_custom_request("previewReport_6") started  	[MsgId: MMSG-26355]
Action.c(419): Continuing after Error -26631: HTTP Status-Code=400 (Bad Request) for "https://dev-boomq.pflb.ru/test-srv/slaReportProfile/previewReport"  	[MsgId: MERR-26631]
End auto log messages stack.	[MsgId: MMSG-10544]


Start auto log messages stack - Iteration 1.	[MsgId: MMSG-10545]
Action.c(67): web_remove/revert_auto_header("Origin") highest severity level was "warning"  	[MsgId: MMSG-26391]
Action.c(70): web_add_auto_header("Authorization") started  	[MsgId: MMSG-26355]
Action.c(70): Warning -26593: The header being added may cause unpredictable results when applied to all ensuing URLs. It is added anyway  	[MsgId: MWAR-26593]
Action.c(70): web_add_auto_header("Authorization") highest severity level was "warning"  	[MsgId: MMSG-26391]
Action.c(72): web_add_cookie started  	[MsgId: MMSG-26355]
Action.c(72): web_add_cookie was successful  	[MsgId: MMSG-26392]
Action.c(75): web_url("modelSchema") started  	[MsgId: MMSG-26355]
Action.c(75): Continuing after Error -27778: Timeout (120 seconds) exceeded while waiting to receive data for URL "https://dev-boomq.pflb.ru/project-srv/modelSchema"  	[MsgId: MERR-27778]
End auto log messages stack.	[MsgId: MMSG-10544]


Start auto log messages stack - Iteration 1.	[MsgId: MMSG-10545]
Action.c(144): web_add_cookie started  	[MsgId: MMSG-26355]
Action.c(144): web_add_cookie was successful  	[MsgId: MMSG-26392]
Action.c(146): web_url("testRunner") started  	[MsgId: MMSG-26355]
Action.c(146): web_url("testRunner") was successful, 532 body bytes, 378 header bytes, 12 chunking overhead bytes  	[MsgId: MMSG-26385]
Action.c(156): lr_think_time: 1,00 seconds.	[MsgId: MMSG-15948]
Action.c(157): Notify: Transaction "UC04_TR01_login" ended with a "Fail" status (Duration: 121,7818 Think Time: 1,0047 Wasted Time: 0,0008).	[MsgId: MMSG-16870]
Action.c(157): Notify: Transaction "UC04_TR01_login" has 1 error message(s).	[MsgId: MMSG-16818]
Action.c(157): Notify: The 1st error message associated with transaction "UC04_TR01_login" is "Error -27778: Timeout (120 seconds) exceeded while waiting to receive data for URL "https://dev-boomq.pflb.ru/project-srv/modelSchema""	[MsgId: MMSG-16819]
Action.c(166): Notify: Transaction "UC04_TR02_trend_page" started.	[MsgId: MMSG-16999]
Action.c(169): web_url("slaReportProfile") started  	[MsgId: MMSG-26355]
Action.c(169): Continuing after Error -26612: HTTP Status-Code=500 (Internal Server Error) for "https://dev-boomq.pflb.ru/test-srv/slaReportProfile"  	[MsgId: MERR-26612]
End auto log messages stack.	[MsgId: MMSG-10544]


Start auto log messages stack - Iteration 1.	[MsgId: MMSG-10545]
Action.c(419): Continuing after error in Vuser script.	[MsgId: MMSG-10678]
Action.c(433): web_custom_request("slaTypeList_2") started  	[MsgId: MMSG-26355]
Action.c(433): web_custom_request("slaTypeList_2") was successful, 208 body bytes, 467 header bytes, 11 chunking overhead bytes  	[MsgId: MMSG-26385]
Action.c(445): web_remove_auto_header("Origin") started  	[MsgId: MMSG-26355]
Action.c(445): Previous automatically added web header for "Origin" removed  	[MsgId: MMSG-26587]
Action.c(445): web_remove/revert_auto_header("Origin") was successful  	[MsgId: MMSG-26392]
Action.c(447): web_url("project_2") started  	[MsgId: MMSG-26355]
Action.c(447): Continuing after Error -27721: Step download timeout (120 seconds) has expired when downloading resource "https://dev-boomq.pflb.ru/project-srv/project?sort=lastModified,desc&size=999"  	[MsgId: MERR-27721]
End auto log messages stack.	[MsgId: MMSG-10544]


Start auto log messages stack - Iteration 1.	[MsgId: MMSG-10545]
Action.c(447): web_url("project_2") highest severity level was "continue on error", 0 body bytes, 0 header bytes  	[MsgId: MMSG-26388]
Action.c(447): Continuing after error in Vuser script.	[MsgId: MMSG-10678]
Action.c(456): web_add_header("Origin") started  	[MsgId: MMSG-26355]
Action.c(456): web_add_header("Origin") was successful  	[MsgId: MMSG-26392]
Action.c(459): web_custom_request("previewReport_7") started  	[MsgId: MMSG-26355]
Action.c(459): web_custom_request("previewReport_7") was successful, 3267 body bytes, 467 header bytes, 12 chunking overhead bytes  	[MsgId: MMSG-26385]
Action.c(473): web_url("test_2") started  	[MsgId: MMSG-26355]
Action.c(473): Continuing after Error -26612: HTTP Status-Code=500 (Internal Server Error) for "https://dev-boomq.pflb.ru/test-srv/test?sort=createDate,desc&size=999999&projectId=15070&state=FINISHED,FAILED,CANCELED"  	[MsgId: MERR-26612]
End auto log messages stack.	[MsgId: MMSG-10544]


Start auto log messages stack - Iteration 1.	[MsgId: MMSG-10545]
Action.c(169): web_url("slaReportProfile") highest severity level was "continue on error", 82 body bytes, 424 header bytes, 11 chunking overhead bytes  	[MsgId: MMSG-26387]
Action.c(169): Continuing after error in Vuser script.	[MsgId: MMSG-10678]
Action.c(179): lr_think_time: 1,00 seconds.	[MsgId: MMSG-15948]
Action.c(180): Notify: Transaction "UC04_TR02_trend_page" ended with a "Fail" status (Duration: 1,0792 Think Time: 1,0152).	[MsgId: MMSG-16872]
Action.c(180): Notify: Transaction "UC04_TR02_trend_page" has 1 error message(s).	[MsgId: MMSG-16818]
Action.c(180): Notify: The 1st error message associated with transaction "UC04_TR02_trend_page" is "Error -26612: HTTP Status-Code=500 (Internal Server Error) for "https://dev-boomq.pflb.ru/test-srv/slaReportProfile""	[MsgId: MMSG-16819]
Action.c(189): Notify: Transaction "UC04_TR03_click_new_report" started.	[MsgId: MMSG-16999]
Action.c(192): web_url("project") started  	[MsgId: MMSG-26355]
Action.c(192): Continuing after Error -27721: Step download timeout (120 seconds) has expired when downloading resource "https://dev-boomq.pflb.ru/project-srv/project?sort=lastModified,desc&size=999"  	[MsgId: MERR-27721]
End auto log messages stack.	[MsgId: MMSG-10544]


Start auto log messages stack - Iteration 1.	[MsgId: MMSG-10545]
Action.c(192): Aborting pending download of URL="https://dev-boomq.pflb.ru/project-srv/project?sort=lastModified,desc&size=999" (RelFrameId=1, Internal ID=9)  	[MsgId: MMSG-27649]
Action.c(192): web_url("project") highest severity level was "continue on error", 0 body bytes, 0 header bytes  	[MsgId: MMSG-26388]
Action.c(192): Continuing after error in Vuser script.	[MsgId: MMSG-10678]
Action.c(202): lr_think_time: 1,00 seconds.	[MsgId: MMSG-15948]
Action.c(203): Notify: Transaction "UC04_TR03_click_new_report" ended with a "Fail" status (Duration: 121,0303 Think Time: 1,0144 Wasted Time: 0,0000).	[MsgId: MMSG-16870]
Action.c(203): Notify: Transaction "UC04_TR03_click_new_report" has 1 error message(s).	[MsgId: MMSG-16818]
Action.c(203): Notify: The 1st error message associated with transaction "UC04_TR03_click_new_report" is "Error -27721: Step download timeout (120 seconds) has expired when downloading resource "https://dev-boomq.pflb.ru/project-srv/project?sort=lastModified,desc&size=999""	[MsgId: MMSG-16819]
Action.c(212): Notify: Transaction "UC04_TR04_fill_data" started.	[MsgId: MMSG-16999]
Action.c(215): web_url("test") started  	[MsgId: MMSG-26355]
Action.c(215): Continuing after Error -26612: HTTP Status-Code=500 (Internal Server Error) for "https://dev-boomq.pflb.ru/test-srv/test?sort=createDate,desc&size=999999&projectId=15070&state=FINISHED,FAILED,CANCELED"  	[MsgId: MERR-26612]
End auto log messages stack.	[MsgId: MMSG-10544]


Start auto log messages stack - Iteration 1.	[MsgId: MMSG-10545]
Action.c(304): web_custom_request("previewReport_5") started  	[MsgId: MMSG-26355]
Action.c(304): web_custom_request("previewReport_5") was successful, 2230 body bytes, 467 header bytes, 12 chunking overhead bytes  	[MsgId: MMSG-26385]
Action.c(317): lr_think_time: 1,00 seconds.	[MsgId: MMSG-15948]
Action.c(318): Notify: Transaction "UC04_TR05_fill_data_graph_table" ended with a "Pass" status (Duration: 2,1306 Think Time: 2,0191).	[MsgId: MMSG-16872]
Action.c(327): Notify: Transaction "UC04_TR06_change_name" started.	[MsgId: MMSG-16999]
Action.c(330): Notify: Transaction "UC04_TR06_change_name" ended with a "Pass" status (Duration: 0,0000).	[MsgId: MMSG-16873]
Action.c(339): Notify: Transaction "UC04_TR07_save_trend" started.	[MsgId: MMSG-16999]
Action.c(344): web_reg_save_param_json started  	[MsgId: MMSG-26355]
Action.c(344): Registering web_reg_save_param_json was successful  	[MsgId: MMSG-26390]
Action.c(351): web_custom_request("slaReportProfile_2") started  	[MsgId: MMSG-26355]
Action.c(351): Continuing after Error -26612: HTTP Status-Code=500 (Internal Server Error) for "https://dev-boomq.pflb.ru/test-srv/slaReportProfile"  	[MsgId: MERR-26612]
Action.c(351): Continuing after Error -35060: No matches were found for the specified query: "$..id"  	[MsgId: MERR-35060]
End auto log messages stack.	[MsgId: MMSG-10544]


Start auto log messages stack - Iteration 1.	[MsgId: MMSG-10545]
Action.c(351): web_custom_request("slaReportProfile_2") highest severity level was "continue on error", 82 body bytes, 424 header bytes, 11 chunking overhead bytes  	[MsgId: MMSG-26387]
Action.c(351): Continuing after error in Vuser script.	[MsgId: MMSG-10678]
Action.c(364): Error (-17994): Invalid arguments for lr_save_string function	[MsgId: MERR-17994]
End auto log messages stack.	[MsgId: MMSG-10544]


Start auto log messages stack - Iteration 1.	[MsgId: MMSG-10545]
Action.c(366): lr_think_time: 1,00 seconds.	[MsgId: MMSG-15948]
Action.c(367): Notify: Transaction "UC04_TR07_save_trend" ended with a "Fail" status (Duration: 1,0469 Think Time: 1,0153 Wasted Time: 0,0002).	[MsgId: MMSG-16870]
Action.c(367): Notify: Transaction "UC04_TR07_save_trend" has 1 error message(s).	[MsgId: MMSG-16818]
Action.c(367): Notify: The 1st error message associated with transaction "UC04_TR07_save_trend" is "Error -26612: HTTP Status-Code=500 (Internal Server Error) for "https://dev-boomq.pflb.ru/test-srv/slaReportProfile""	[MsgId: MMSG-16819]
Action.c(376): Notify: Transaction "UC04_TR08_back_to_trends_page" started.	[MsgId: MMSG-16999]
Action.c(379): web_remove_auto_header("Origin") started  	[MsgId: MMSG-26355]
Action.c(379): Previous automatically added web header for "Origin" removed  	[MsgId: MMSG-26587]
Action.c(379): web_remove/revert_auto_header("Origin") was successful  	[MsgId: MMSG-26392]
Action.c(383): web_url("slaReportProfile_3") started  	[MsgId: MMSG-26355]
Action.c(383): Continuing after Error -26612: HTTP Status-Code=500 (Internal Server Error) for "https://dev-boomq.pflb.ru/test-srv/slaReportProfile"  	[MsgId: MERR-26612]
End auto log messages stack.	[MsgId: MMSG-10544]


Start auto log messages stack - Iteration 1.	[MsgId: MMSG-10545]
Action.c(383): web_url("slaReportProfile_3") highest severity level was "continue on error", 82 body bytes, 424 header bytes, 11 chunking overhead bytes  	[MsgId: MMSG-26387]
Action.c(383): Continuing after error in Vuser script.	[MsgId: MMSG-10678]
Action.c(393): lr_think_time: 1,00 seconds.	[MsgId: MMSG-15948]
Action.c(394): Notify: Transaction "UC04_TR08_back_to_trends_page" ended with a "Fail" status (Duration: 1,1226 Think Time: 1,0010 Wasted Time: 0,0000).	[MsgId: MMSG-16870]
Action.c(394): Notify: Transaction "UC04_TR08_back_to_trends_page" has 1 error message(s).	[MsgId: MMSG-16818]
Action.c(394): Notify: The 1st error message associated with transaction "UC04_TR08_back_to_trends_page" is "Error -26612: HTTP Status-Code=500 (Internal Server Error) for "https://dev-boomq.pflb.ru/test-srv/slaReportProfile""	[MsgId: MMSG-16819]
Action.c(404): Notify: Transaction "UC04_TR09_pick_created_trend" started.	[MsgId: MMSG-16999]
Action.c(407): web_url("2884") started  	[MsgId: MMSG-26355]
Action.c(407): Continuing after Error -26631: HTTP Status-Code=400 (Bad Request) for "https://dev-boomq.pflb.ru/test-srv/slaReportProfile/{trend_id}"  	[MsgId: MERR-26631]
End auto log messages stack.	[MsgId: MMSG-10544]


Start auto log messages stack - Iteration 1.	[MsgId: MMSG-10545]
Action.c(407): web_url("2884") highest severity level was "continue on error", 435 body bytes, 175 header bytes  	[MsgId: MMSG-26388]
Action.c(407): Continuing after error in Vuser script.	[MsgId: MMSG-10678]
Action.c(416): web_add_auto_header("Origin") started  	[MsgId: MMSG-26355]
Action.c(416): web_add_auto_header("Origin") was successful  	[MsgId: MMSG-26392]
Action.c(419): web_custom_request("previewReport_6") started  	[MsgId: MMSG-26355]
Action.c(419): Continuing after Error -26631: HTTP Status-Code=400 (Bad Request) for "https://dev-boomq.pflb.ru/test-srv/slaReportProfile/previewReport"  	[MsgId: MERR-26631]
End auto log messages stack.	[MsgId: MMSG-10544]


Start auto log messages stack - Iteration 2.	[MsgId: MMSG-10545]
Action.c(67): web_remove/revert_auto_header("Origin") highest severity level was "warning"  	[MsgId: MMSG-26391]
Action.c(70): web_add_auto_header("Authorization") started  	[MsgId: MMSG-26355]
Action.c(70): Warning -26593: The header being added may cause unpredictable results when applied to all ensuing URLs. It is added anyway  	[MsgId: MWAR-26593]
Action.c(70): web_add_auto_header("Authorization") highest severity level was "warning"  	[MsgId: MMSG-26391]
Action.c(72): web_add_cookie started  	[MsgId: MMSG-26355]
Action.c(72): web_add_cookie was successful  	[MsgId: MMSG-26392]
Action.c(75): web_url("modelSchema") started  	[MsgId: MMSG-26355]
Action.c(75): Continuing after Error -26610: HTTP Status-Code=502 (Bad Gateway) for "https://dev-boomq.pflb.ru/project-srv/modelSchema"  	[MsgId: MERR-26610]
End auto log messages stack.	[MsgId: MMSG-10544]


Start auto log messages stack - Iteration 2.	[MsgId: MMSG-10545]
Action.c(144): web_add_cookie started  	[MsgId: MMSG-26355]
Action.c(144): web_add_cookie was successful  	[MsgId: MMSG-26392]
Action.c(146): web_url("testRunner") started  	[MsgId: MMSG-26355]
Action.c(146): web_url("testRunner") was successful, 532 body bytes, 378 header bytes, 12 chunking overhead bytes  	[MsgId: MMSG-26385]
Action.c(156): lr_think_time: 1,00 seconds.	[MsgId: MMSG-15948]
Action.c(157): Notify: Transaction "UC04_TR01_login" ended with a "Fail" status (Duration: 106,4638 Think Time: 1,0078 Wasted Time: 0,0004).	[MsgId: MMSG-16870]
Action.c(157): Notify: Transaction "UC04_TR01_login" has 1 error message(s).	[MsgId: MMSG-16818]
Action.c(157): Notify: The 1st error message associated with transaction "UC04_TR01_login" is "Error -26610: HTTP Status-Code=502 (Bad Gateway) for "https://dev-boomq.pflb.ru/project-srv/modelSchema""	[MsgId: MMSG-16819]
Action.c(166): Notify: Transaction "UC04_TR02_trend_page" started.	[MsgId: MMSG-16999]
Action.c(169): web_url("slaReportProfile") started  	[MsgId: MMSG-26355]
Action.c(169): Continuing after Error -26612: HTTP Status-Code=500 (Internal Server Error) for "https://dev-boomq.pflb.ru/test-srv/slaReportProfile"  	[MsgId: MERR-26612]
End auto log messages stack.	[MsgId: MMSG-10544]


Start auto log messages stack - Iteration 1.	[MsgId: MMSG-10545]
Action.c(67): web_remove/revert_auto_header("Origin") highest severity level was "warning"  	[MsgId: MMSG-26391]
Action.c(70): web_add_auto_header("Authorization") started  	[MsgId: MMSG-26355]
Action.c(70): Warning -26593: The header being added may cause unpredictable results when applied to all ensuing URLs. It is added anyway  	[MsgId: MWAR-26593]
Action.c(70): web_add_auto_header("Authorization") highest severity level was "warning"  	[MsgId: MMSG-26391]
Action.c(72): web_add_cookie started  	[MsgId: MMSG-26355]
Action.c(72): web_add_cookie was successful  	[MsgId: MMSG-26392]
Action.c(75): web_url("modelSchema") started  	[MsgId: MMSG-26355]
Action.c(75): Continuing after Error -27721: Step download timeout (120 seconds) has expired when downloading resource "https://dev-boomq.pflb.ru/project-srv/modelSchema"  	[MsgId: MERR-27721]
End auto log messages stack.	[MsgId: MMSG-10544]


Start auto log messages stack - Iteration 1.	[MsgId: MMSG-10545]
Action.c(144): web_add_cookie was successful  	[MsgId: MMSG-26392]
Action.c(146): web_url("testRunner") started  	[MsgId: MMSG-26355]
Action.c(146): web_url("testRunner") was successful, 532 body bytes, 378 header bytes, 12 chunking overhead bytes  	[MsgId: MMSG-26385]
Action.c(156): lr_think_time: 1,00 seconds.	[MsgId: MMSG-15948]
Action.c(157): Notify: Transaction "UC04_TR01_login" ended with a "Fail" status (Duration: 121,7564 Think Time: 1,0054 Wasted Time: 0,0004).	[MsgId: MMSG-16870]
Action.c(157): Notify: Transaction "UC04_TR01_login" has 1 error message(s).	[MsgId: MMSG-16818]
Action.c(157): Notify: The 1st error message associated with transaction "UC04_TR01_login" is "Error -27721: Step download timeout (120 seconds) has expired when downloading resource "https://dev-boomq.pflb.ru/project-srv/modelSchema""	[MsgId: MMSG-16819]
Action.c(166): Notify: Transaction "UC04_TR02_trend_page" started.	[MsgId: MMSG-16999]
Action.c(169): web_url("slaReportProfile") started  	[MsgId: MMSG-26355]
Action.c(169): Continuing after Error -26612: HTTP Status-Code=500 (Internal Server Error) for "https://dev-boomq.pflb.ru/test-srv/slaReportProfile"  	[MsgId: MERR-26612]
End auto log messages stack.	[MsgId: MMSG-10544]


Start auto log messages stack - Iteration 1.	[MsgId: MMSG-10545]
Action.c(419): Continuing after error in Vuser script.	[MsgId: MMSG-10678]
Action.c(433): web_custom_request("slaTypeList_2") started  	[MsgId: MMSG-26355]
Action.c(433): web_custom_request("slaTypeList_2") was successful, 208 body bytes, 467 header bytes, 11 chunking overhead bytes  	[MsgId: MMSG-26385]
Action.c(445): web_remove_auto_header("Origin") started  	[MsgId: MMSG-26355]
Action.c(445): Previous automatically added web header for "Origin" removed  	[MsgId: MMSG-26587]
Action.c(445): web_remove/revert_auto_header("Origin") was successful  	[MsgId: MMSG-26392]
Action.c(447): web_url("project_2") started  	[MsgId: MMSG-26355]
Action.c(447): Continuing after Error -26610: HTTP Status-Code=502 (Bad Gateway) for "https://dev-boomq.pflb.ru/project-srv/project?sort=lastModified,desc&size=999"  	[MsgId: MERR-26610]
End auto log messages stack.	[MsgId: MMSG-10544]


Start auto log messages stack - Iteration 1.	[MsgId: MMSG-10545]
Action.c(447): web_url("project_2") highest severity level was "continue on error", 552 body bytes, 165 header bytes  	[MsgId: MMSG-26388]
Action.c(447): Continuing after error in Vuser script.	[MsgId: MMSG-10678]
Action.c(456): web_add_header("Origin") started  	[MsgId: MMSG-26355]
Action.c(456): web_add_header("Origin") was successful  	[MsgId: MMSG-26392]
Action.c(459): web_custom_request("previewReport_7") started  	[MsgId: MMSG-26355]
Action.c(459): web_custom_request("previewReport_7") was successful, 3267 body bytes, 467 header bytes, 12 chunking overhead bytes  	[MsgId: MMSG-26385]
Action.c(473): web_url("test_2") started  	[MsgId: MMSG-26355]
Action.c(473): Continuing after Error -26612: HTTP Status-Code=500 (Internal Server Error) for "https://dev-boomq.pflb.ru/test-srv/test?sort=createDate,desc&size=999999&projectId=15070&state=FINISHED,FAILED,CANCELED"  	[MsgId: MERR-26612]
End auto log messages stack.	[MsgId: MMSG-10544]


